/*C1*/SET SCHEMA PUBLIC
CONNECT USER SA
DISCONNECT
/*C2*/SET SCHEMA PUBLIC
CONNECT USER SA
/*C3*/SET SCHEMA PUBLIC
CONNECT USER SA
/*C4*/SET SCHEMA PUBLIC
CONNECT USER SA
DELETE FROM PROPERTYTEXT WHERE ID=10600
DELETE FROM PROPERTYENTRY WHERE ID=10600
SET AUTOCOMMIT FALSE
DELETE FROM SEQUENCE_VALUE_ITEM WHERE SEQ_NAME='OSPropertyEntry'
INSERT INTO SEQUENCE_VALUE_ITEM VALUES('OSPropertyEntry',10800)
COMMIT
SET AUTOCOMMIT TRUE
SET AUTOCOMMIT FALSE
INSERT INTO PROPERTYENTRY VALUES(10700,'jira.properties',1,'com.atlassian.activeobjects.admin.ActiveObjectsPluginToTablesMapping',6)
INSERT INTO PROPERTYTEXT VALUES(10700,'{"AO_563AEE_TARGET_ENTITY":{"key":"com.atlassian.streams.streams-thirdparty-plugin","name":"Streams Third Party Provider Plugin","version":"5.1.0","vendorName":"Atlassian","vendorUrl":"http://www.atlassian.com/"},"AO_563AEE_MEDIA_LINK_ENTITY":{"key":"com.atlassian.streams.streams-thirdparty-plugin","name":"Streams Third Party Provider Plugin","version":"5.1.0","vendorName":"Atlassian","vendorUrl":"http://www.atlassian.com/"},"AO_563AEE_OBJECT_ENTITY":{"key":"com.atlassian.streams.streams-thirdparty-plugin","name":"Streams Third Party Provider Plugin","version":"5.1.0","vendorName":"Atlassian","vendorUrl":"http://www.atlassian.com/"},"AO_563AEE_ACTOR_ENTITY":{"key":"com.atlassian.streams.streams-thirdparty-plugin","name":"Streams Third Party Provider Plugin","version":"5.1.0","vendorName":"Atlassian","vendorUrl":"http://www.atlassian.com/"},"AO_563AEE_ACTIVITY_ENTITY":{"key":"com.atlassian.streams.streams-thirdparty-plugin","name":"Streams Third Party Provider Plugin","version":"5.1.0","vendorName":"Atlassian","vendorUrl":"http://www.atlassian.com/"},"AO_563AEE_ACTIVITY_OBJ_ENTITY":{"key":"com.atlassian.streams.streams-thirdparty-plugin","name":"Streams Third Party Provider Plugin","version":"5.1.0","vendorName":"Atlassian","vendorUrl":"http://www.atlassian.com/"}}')
COMMIT
SET AUTOCOMMIT TRUE
/*C3*/DELETE FROM PROPERTYSTRING WHERE ID=10603
DELETE FROM PROPERTYENTRY WHERE ID=10603
DELETE FROM PROPERTYSTRING WHERE ID=10601
DELETE FROM PROPERTYENTRY WHERE ID=10601
DELETE FROM PROPERTYSTRING WHERE ID=10602
DELETE FROM PROPERTYENTRY WHERE ID=10602
DELETE FROM SERVICECONFIG WHERE ID=10400
SET AUTOCOMMIT FALSE
DELETE FROM SEQUENCE_VALUE_ITEM WHERE SEQ_NAME='ServiceConfig'
INSERT INTO SEQUENCE_VALUE_ITEM VALUES('ServiceConfig',10600)
COMMIT
SET AUTOCOMMIT TRUE
INSERT INTO SERVICECONFIG VALUES(10500,20,'com.atlassian.sal.jira.scheduling.JiraPluginSchedulerService','Service Provider Token Remover')
SET AUTOCOMMIT FALSE
INSERT INTO PROPERTYENTRY VALUES(10701,'ServiceConfig',10500,'pluginJobName',5)
INSERT INTO PROPERTYSTRING VALUES(10701,'Service Provider Token Remover')
COMMIT
SET AUTOCOMMIT TRUE
SET AUTOCOMMIT FALSE
INSERT INTO PROPERTYENTRY VALUES(10702,'ServiceConfig',10500,'repeatInterval',5)
INSERT INTO PROPERTYSTRING VALUES(10702,'28800000')
COMMIT
SET AUTOCOMMIT TRUE
SET AUTOCOMMIT FALSE
INSERT INTO PROPERTYENTRY VALUES(10703,'ServiceConfig',10500,'initiallyFired',5)
INSERT INTO PROPERTYSTRING VALUES(10703,'false')
COMMIT
SET AUTOCOMMIT TRUE
DELETE FROM SERVICECONFIG WHERE ID=10500
INSERT INTO SERVICECONFIG VALUES(10500,20,'com.atlassian.sal.jira.scheduling.JiraPluginSchedulerService','Service Provider Token Remover')
DELETE FROM PROPERTYSTRING WHERE ID=10609
DELETE FROM PROPERTYENTRY WHERE ID=10609
DELETE FROM PROPERTYSTRING WHERE ID=10607
DELETE FROM PROPERTYENTRY WHERE ID=10607
DELETE FROM PROPERTYSTRING WHERE ID=10608
DELETE FROM PROPERTYENTRY WHERE ID=10608
DELETE FROM SERVICECONFIG WHERE ID=10402
INSERT INTO SERVICECONFIG VALUES(10501,20,'com.atlassian.sal.jira.scheduling.JiraPluginSchedulerService','upmPluginUpgradeCheckJob')
SET AUTOCOMMIT FALSE
INSERT INTO PROPERTYENTRY VALUES(10704,'ServiceConfig',10501,'pluginJobName',5)
INSERT INTO PROPERTYSTRING VALUES(10704,'upmPluginUpgradeCheckJob')
COMMIT
SET AUTOCOMMIT TRUE
SET AUTOCOMMIT FALSE
INSERT INTO PROPERTYENTRY VALUES(10705,'ServiceConfig',10501,'repeatInterval',5)
INSERT INTO PROPERTYSTRING VALUES(10705,'86400000')
COMMIT
SET AUTOCOMMIT TRUE
SET AUTOCOMMIT FALSE
INSERT INTO PROPERTYENTRY VALUES(10706,'ServiceConfig',10501,'initiallyFired',5)
INSERT INTO PROPERTYSTRING VALUES(10706,'false')
COMMIT
SET AUTOCOMMIT TRUE
DELETE FROM SERVICECONFIG WHERE ID=10501
INSERT INTO SERVICECONFIG VALUES(10501,20,'com.atlassian.sal.jira.scheduling.JiraPluginSchedulerService','upmPluginUpgradeCheckJob')
DELETE FROM PROPERTYSTRING WHERE ID=10606
DELETE FROM PROPERTYENTRY WHERE ID=10606
DELETE FROM PROPERTYSTRING WHERE ID=10604
DELETE FROM PROPERTYENTRY WHERE ID=10604
DELETE FROM PROPERTYSTRING WHERE ID=10605
DELETE FROM PROPERTYENTRY WHERE ID=10605
DELETE FROM SERVICECONFIG WHERE ID=10401
INSERT INTO SERVICECONFIG VALUES(10502,20,'com.atlassian.sal.jira.scheduling.JiraPluginSchedulerService','com.atlassian.jira.plugin.ext.bamboo.service.PlanStatusUpdateServiceImpl:job')
SET AUTOCOMMIT FALSE
INSERT INTO PROPERTYENTRY VALUES(10707,'ServiceConfig',10502,'pluginJobName',5)
INSERT INTO PROPERTYSTRING VALUES(10707,'com.atlassian.jira.plugin.ext.bamboo.service.PlanStatusUpdateServiceImpl:job')
COMMIT
SET AUTOCOMMIT TRUE
SET AUTOCOMMIT FALSE
INSERT INTO PROPERTYENTRY VALUES(10708,'ServiceConfig',10502,'repeatInterval',5)
INSERT INTO PROPERTYSTRING VALUES(10708,'60000')
COMMIT
SET AUTOCOMMIT TRUE
SET AUTOCOMMIT FALSE
INSERT INTO PROPERTYENTRY VALUES(10709,'ServiceConfig',10502,'initiallyFired',5)
INSERT INTO PROPERTYSTRING VALUES(10709,'false')
COMMIT
SET AUTOCOMMIT TRUE
DELETE FROM SERVICECONFIG WHERE ID=10502
INSERT INTO SERVICECONFIG VALUES(10502,20,'com.atlassian.sal.jira.scheduling.JiraPluginSchedulerService','com.atlassian.jira.plugin.ext.bamboo.service.PlanStatusUpdateServiceImpl:job')
SET AUTOCOMMIT FALSE
SET AUTOCOMMIT TRUE
SET AUTOCOMMIT FALSE
SET AUTOCOMMIT TRUE
SET AUTOCOMMIT FALSE
DELETE FROM PROPERTYSTRING WHERE ID=10703
INSERT INTO PROPERTYSTRING VALUES(10703,'true')
COMMIT
SET AUTOCOMMIT TRUE
DELETE FROM SERVICECONFIG WHERE ID=10500
INSERT INTO SERVICECONFIG VALUES(10500,28800000,'com.atlassian.sal.jira.scheduling.JiraPluginSchedulerService','Service Provider Token Remover')
SET AUTOCOMMIT FALSE
SET AUTOCOMMIT TRUE
SET AUTOCOMMIT FALSE
SET AUTOCOMMIT TRUE
SET AUTOCOMMIT FALSE
DELETE FROM PROPERTYSTRING WHERE ID=10706
INSERT INTO PROPERTYSTRING VALUES(10706,'true')
COMMIT
SET AUTOCOMMIT TRUE
DELETE FROM SERVICECONFIG WHERE ID=10501
INSERT INTO SERVICECONFIG VALUES(10501,86400000,'com.atlassian.sal.jira.scheduling.JiraPluginSchedulerService','upmPluginUpgradeCheckJob')
DELETE FROM PROPERTYSTRING WHERE ID=10611
DELETE FROM PROPERTYENTRY WHERE ID=10611
SET AUTOCOMMIT FALSE
INSERT INTO PROPERTYENTRY VALUES(10710,'jira.properties',1,'com.atlassian.upm:plugin-upgrades:',5)
INSERT INTO PROPERTYSTRING VALUES(10710,'0')
COMMIT
SET AUTOCOMMIT TRUE
SET AUTOCOMMIT FALSE
SET AUTOCOMMIT TRUE
SET AUTOCOMMIT FALSE
SET AUTOCOMMIT TRUE
SET AUTOCOMMIT FALSE
DELETE FROM PROPERTYSTRING WHERE ID=10709
INSERT INTO PROPERTYSTRING VALUES(10709,'true')
COMMIT
SET AUTOCOMMIT TRUE
DELETE FROM SERVICECONFIG WHERE ID=10502
INSERT INTO SERVICECONFIG VALUES(10502,60000,'com.atlassian.sal.jira.scheduling.JiraPluginSchedulerService','com.atlassian.jira.plugin.ext.bamboo.service.PlanStatusUpdateServiceImpl:job')
DELETE FROM PROPERTYSTRING WHERE ID=10710
DELETE FROM PROPERTYENTRY WHERE ID=10710
SET AUTOCOMMIT FALSE
INSERT INTO PROPERTYENTRY VALUES(10711,'jira.properties',1,'com.atlassian.upm:plugin-upgrades:',5)
INSERT INTO PROPERTYSTRING VALUES(10711,'0')
COMMIT
SET AUTOCOMMIT TRUE
